13/06/2023 01:07:41 AM: INFO: Test_login2: test01: username entered
13/06/2023 01:07:41 AM: INFO: Test_login2: test01: password entered
13/06/2023 01:07:41 AM: INFO: Test_login2: test01: login button pressed
13/06/2023 01:07:53 AM: ERROR: Test_login2: test01: Dashboard not opened
3 01:07:41 AM: INFO: Test_login2: test01: username entered
13/06/2023 01:07:41 AM: INFO: Test_login2: test01: password entered
13/06/2023 01:07:41 AM: INFO: Test_login2: test01: login button pressed
13/06/2023 01:07:53 AM: ERROR: Test_login2: test01: Dashboard not opened
13/06/2023 01:13:46 AM: INFO: Test_Login: test01: username entered
13/06/2023 01:13:46 AM: INFO: Test_Login: test01: password entered
13/06/2023 01:13:48 AM: INFO: Test_Login: test01: login button pressed
13/06/2023 01:13:50 AM: INFO: Test_Login: test01: Dashboard opened
13/06/2023 01:14:04 AM: INFO: Test_login2: test01: username entered
13/06/2023 01:14:04 AM: INFO: Test_login2: test01: username entered
13/06/2023 01:14:04 AM: INFO: Test_login2: test01: password entered
13/06/2023 01:14:04 AM: INFO: Test_login2: test01: password entered
13/06/2023 01:14:04 AM: INFO: Test_login2: test01: login button pressed
13/06/2023 01:14:04 AM: INFO: Test_login2: test01: login button pressed
13/06/2023 01:14:16 AM: ERROR: Test_login2: test01: Dashboard not opened
13/06/2023 01:14:16 AM: ERROR: Test_login2: test01: Dashboard not opened
13/06/2023 01:19:06 AM: INFO: Test_Login: test01: username entered
13/06/2023 01:19:06 AM: INFO: Test_Login: test01: password entered
13/06/2023 01:19:08 AM: INFO: Test_Login: test01: login button pressed
13/06/2023 01:19:09 AM: INFO: Test_Login: test01: Dashboard opened
13/06/2023 01:19:29 AM: INFO: Test_login2: test01: username entered
13/06/2023 01:19:29 AM: INFO: Test_login2: test01: username entered
13/06/2023 01:19:29 AM: INFO: Test_login2: test01: password entered
13/06/2023 01:19:29 AM: INFO: Test_login2: test01: password entered
13/06/2023 01:19:30 AM: INFO: Test_login2: test01: login button pressed
13/06/2023 01:19:30 AM: INFO: Test_login2: test01: login button pressed
13/06/2023 01:19:41 AM: ERROR: Test_login2: test01: Dashboard not opened
13/06/2023 01:19:41 AM: ERROR: Test_login2: test01: Dashboard not opened
13/06/2023 01:40:02 AM: INFO: Test_Login: test01: username entered
13/06/2023 01:40:02 AM: INFO: Test_Login: test01: password entered
13/06/2023 01:40:02 AM: INFO: Test_Login: test01: login button pressed
13/06/2023 01:40:04 AM: ERROR: Test_Login: test01: Dashboard not opened
13/06/2023 01:40:15 AM: INFO: Test_login2: test01: username entered
13/06/2023 01:40:15 AM: INFO: Test_login2: test01: username entered
13/06/2023 01:40:15 AM: INFO: Test_login2: test01: password entered
13/06/2023 01:40:15 AM: INFO: Test_login2: test01: password entered
13/06/2023 01:40:15 AM: INFO: Test_login2: test01: login button pressed
13/06/2023 01:40:15 AM: INFO: Test_login2: test01: login button pressed
13/06/2023 01:40:26 AM: ERROR: Test_login2: test01: Dashboard not opened
13/06/2023 01:40:26 AM: ERROR: Test_login2: test01: Dashboard not opened
13/06/2023 01:42:52 AM: INFO: Test_Login: test01: username entered
13/06/2023 01:42:52 AM: INFO: Test_Login: test01: password entered
13/06/2023 01:42:52 AM: INFO: Test_Login: test01: login button pressed
13/06/2023 01:42:54 AM: INFO: Test_Login: test01: Dashboard opened
13/06/2023 01:43:05 AM: INFO: Test_login2: test01: username entered
13/06/2023 01:43:05 AM: INFO: Test_login2: test01: username entered
13/06/2023 01:43:05 AM: INFO: Test_login2: test01: password entered
13/06/2023 01:43:05 AM: INFO: Test_login2: test01: password entered
13/06/2023 01:43:07 AM: INFO: Test_login2: test01: login button pressed
13/06/2023 01:43:07 AM: INFO: Test_login2: test01: login button pressed
13/06/2023 01:43:17 AM: ERROR: Test_login2: test01: Dashboard not opened
13/06/2023 01:43:17 AM: ERROR: Test_login2: test01: Dashboard not opened
13/06/2023 01:45:11 AM: INFO: Test_Login: test01: username entered
13/06/2023 01:45:12 AM: INFO: Test_Login: test01: password entered
13/06/2023 01:45:13 AM: INFO: Test_Login: test01: login button pressed
13/06/2023 01:45:14 AM: INFO: Test_Login: test01: Dashboard opened
13/06/2023 01:45:25 AM: INFO: Test_login2: test02: username entered
13/06/2023 01:45:25 AM: INFO: Test_login2: test02: username entered
13/06/2023 01:45:25 AM: INFO: Test_login2: test02: password entered
13/06/2023 01:45:25 AM: INFO: Test_login2: test02: password entered
13/06/2023 01:45:27 AM: INFO: Test_login2: test02: login button pressed
13/06/2023 01:45:27 AM: INFO: Test_login2: test02: login button pressed
13/06/2023 01:45:37 AM: ERROR: Test_login2: test02: Dashboard not opened
13/06/2023 01:45:37 AM: ERROR: Test_login2: test02: Dashboard not opened
